19/02/03 23:17:54 WARN streaming.FileStreamSink: Error while looking for metadata directory.
root
 |-- hash_message: string (nullable = true)
 |-- words: array (nullable = true)
 |    |-- element: string (containsNull = true)

19/02/03 23:18:11 WARN streaming.FileStreamSink: Error while looking for metadata directory.
root
 |-- id1: integer (nullable = true)
 |-- predict: integer (nullable = true)
 |-- p0: double (nullable = true)
 |-- p1: double (nullable = true)
 |-- hash_message: string (nullable = true)
 |-- fraud_label: integer (nullable = true)
 |-- kl_fraud_words: double (nullable = true)
 |-- ks_fraud_words: double (nullable = true)
 |-- entropy_fraud_words: double (nullable = true)
 |-- kl_notfraud_words: double (nullable = true)
 |-- ks_notfraud_words: double (nullable = true)
 |-- entropy_notfraud_words: double (nullable = true)
 |-- features85_type: integer (nullable = true)
 |-- features85_size: integer (nullable = true)
 |-- ngramscounts7_type: integer (nullable = true)
 |-- ngramscounts7_size: integer (nullable = true)
 |-- features85_list_indices: string (nullable = true)
 |-- features85_list_values: string (nullable = true)
 |-- ngramscounts7_list_indices: string (nullable = true)
 |-- ngramscounts7_list_values: string (nullable = true)
 |-- match_no_match: string (nullable = true)

root
 |-- hash_message: string (nullable = true)
 |-- id1: integer (nullable = true)
 |-- predict: integer (nullable = true)
 |-- p0: double (nullable = true)
 |-- p1: double (nullable = true)
 |-- fraud_label: integer (nullable = true)
 |-- kl_fraud_words: double (nullable = true)
 |-- ks_fraud_words: double (nullable = true)
 |-- entropy_fraud_words: double (nullable = true)
 |-- kl_notfraud_words: double (nullable = true)
 |-- ks_notfraud_words: double (nullable = true)
 |-- entropy_notfraud_words: double (nullable = true)
 |-- features85_type: integer (nullable = true)
 |-- features85_size: integer (nullable = true)
 |-- ngramscounts7_type: integer (nullable = true)
 |-- ngramscounts7_size: integer (nullable = true)
 |-- features85_list_indices: string (nullable = true)
 |-- features85_list_values: string (nullable = true)
 |-- ngramscounts7_list_indices: string (nullable = true)
 |-- ngramscounts7_list_values: string (nullable = true)
 |-- match_no_match: string (nullable = true)
 |-- words_conc: string (nullable = false)

