288
|___|
|
Pyspark :-: x1-FraudCanada-Model-NGrams-CountVectorizer-KL-KS-Entropy-Model-CleanData.py
|
root
 |-- metadata: struct (nullable = true)
 |    |-- beat: string (nullable = true)
 |    |-- type: string (nullable = true)
 |-- logzio_id: string (nullable = true)
 |-- awsRegion: string (nullable = true)
 |-- beat: struct (nullable = true)
 |    |-- hostname: string (nullable = true)
 |    |-- name: string (nullable = true)
 |    |-- version: string (nullable = true)
 |-- correlationId: string (nullable = true)
 |-- function_version: string (nullable = true)
 |-- host: struct (nullable = true)
 |    |-- name: string (nullable = true)
 |-- hostname: string (nullable = true)
 |-- id: string (nullable = true)
 |-- input_type: string (nullable = true)
 |-- invoked_function_arn: string (nullable = true)
 |-- it: string (nullable = true)
 |-- level: long (nullable = true)
 |-- logGroup: string (nullable = true)
 |-- logStream: string (nullable = true)
 |-- logzio_codec: string (nullable = true)
 |-- message: string (nullable = true)
 |-- messageType: string (nullable = true)
 |-- msg: string (nullable = true)
 |-- name: string (nullable = true)
 |-- offset: long (nullable = true)
 |-- owner: string (nullable = true)
 |-- sessionId: string (nullable = true)
 |-- source: string (nullable = true)
 |-- tags: array (nullable = true)
 |    |-- element: string (containsNull = true)
 |-- timestamp: long (nullable = true)
 |-- type: string (nullable = true)
 |-- token: string (nullable = true)

root
 |-- metadata: struct (nullable = true)
 |    |-- beat: string (nullable = true)
 |    |-- type: string (nullable = true)
 |-- logzio_id: string (nullable = true)
 |-- awsRegion: string (nullable = true)
 |-- beat: struct (nullable = true)
 |    |-- hostname: string (nullable = true)
 |    |-- name: string (nullable = true)
 |    |-- version: string (nullable = true)
 |-- correlationId: string (nullable = true)
 |-- function_version: string (nullable = true)
 |-- host: struct (nullable = true)
 |    |-- name: string (nullable = true)
 |-- hostname: string (nullable = true)
 |-- id: string (nullable = true)
 |-- input_type: string (nullable = true)
 |-- invoked_function_arn: string (nullable = true)
 |-- it: string (nullable = true)
 |-- level: long (nullable = true)
 |-- logGroup: string (nullable = true)
 |-- logStream: string (nullable = true)
 |-- logzio_codec: string (nullable = true)
 |-- message: string (nullable = true)
 |-- messageType: string (nullable = true)
 |-- msg: string (nullable = true)
 |-- name: string (nullable = true)
 |-- offset: long (nullable = true)
 |-- owner: string (nullable = true)
 |-- sessionId: string (nullable = true)
 |-- source: string (nullable = true)
 |-- tags: array (nullable = true)
 |    |-- element: string (containsNull = true)
 |-- timestamp: long (nullable = true)
 |-- type: string (nullable = true)
 |-- token: string (nullable = true)

root
 |-- metadata: struct (nullable = true)
 |    |-- beat: string (nullable = true)
 |    |-- type: string (nullable = true)
 |-- logzio_id: string (nullable = true)
 |-- awsRegion: string (nullable = true)
 |-- beat: struct (nullable = true)
 |    |-- hostname: string (nullable = true)
 |    |-- name: string (nullable = true)
 |    |-- version: string (nullable = true)
 |-- correlationId: string (nullable = true)
 |-- function_version: string (nullable = true)
 |-- host: struct (nullable = true)
 |    |-- name: string (nullable = true)
 |-- hostname: string (nullable = true)
 |-- id: string (nullable = true)
 |-- input_type: string (nullable = true)
 |-- invoked_function_arn: string (nullable = true)
 |-- it: string (nullable = true)
 |-- level: long (nullable = true)
 |-- logGroup: string (nullable = true)
 |-- logStream: string (nullable = true)
 |-- logzio_codec: string (nullable = true)
 |-- message: string (nullable = true)
 |-- messageType: string (nullable = true)
 |-- msg: string (nullable = true)
 |-- name: string (nullable = true)
 |-- offset: long (nullable = true)
 |-- owner: string (nullable = true)
 |-- sessionId: string (nullable = true)
 |-- source: string (nullable = true)
 |-- tags: array (nullable = true)
 |    |-- element: string (containsNull = true)
 |-- timestamp: long (nullable = true)
 |-- type: string (nullable = true)
 |-- token: string (nullable = true)
 |-- messagecut: string (nullable = true)
 |-- words: array (nullable = true)
 |    |-- element: string (containsNull = true)

