19/02/12 23:38:37 WARN streaming.FileStreamSink: Error while looking for metadata directory.
Daily Counter Tokenizer 3
root
 |-- metadata: struct (nullable = true)
 |    |-- beat: string (nullable = true)
 |    |-- type: string (nullable = true)
 |-- logzio_id: string (nullable = true)
 |-- awsRegion: string (nullable = true)
 |-- beat: struct (nullable = true)
 |    |-- hostname: string (nullable = true)
 |    |-- name: string (nullable = true)
 |    |-- version: string (nullable = true)
 |-- correlationId: string (nullable = true)
 |-- function_version: string (nullable = true)
 |-- host: struct (nullable = true)
 |    |-- name: string (nullable = true)
 |-- hostname: string (nullable = true)
 |-- id: string (nullable = true)
 |-- input_type: string (nullable = true)
 |-- invoked_function_arn: string (nullable = true)
 |-- it: string (nullable = true)
 |-- level: long (nullable = true)
 |-- logGroup: string (nullable = true)
 |-- logStream: string (nullable = true)
 |-- logzio_codec: string (nullable = true)
 |-- message: string (nullable = true)
 |-- messageType: string (nullable = true)
 |-- msg: string (nullable = true)
 |-- name: string (nullable = true)
 |-- offset: long (nullable = true)
 |-- owner: string (nullable = true)
 |-- sessionId: string (nullable = true)
 |-- source: string (nullable = true)
 |-- tags: array (nullable = true)
 |    |-- element: string (containsNull = true)
 |-- timestamp: long (nullable = true)
 |-- type: string (nullable = true)
 |-- token: string (nullable = true)

root
 |-- metadata: struct (nullable = true)
 |    |-- beat: string (nullable = true)
 |    |-- type: string (nullable = true)
 |-- logzio_id: string (nullable = true)
 |-- awsRegion: string (nullable = true)
 |-- beat: struct (nullable = true)
 |    |-- hostname: string (nullable = true)
 |    |-- name: string (nullable = true)
 |    |-- version: string (nullable = true)
 |-- correlationId: string (nullable = true)
 |-- function_version: string (nullable = true)
 |-- host: struct (nullable = true)
 |    |-- name: string (nullable = true)
 |-- hostname: string (nullable = true)
 |-- id: string (nullable = true)
 |-- input_type: string (nullable = true)
 |-- invoked_function_arn: string (nullable = true)
 |-- it: string (nullable = true)
 |-- level: long (nullable = true)
 |-- logGroup: string (nullable = true)
 |-- logStream: string (nullable = true)
 |-- logzio_codec: string (nullable = true)
 |-- message: string (nullable = true)
 |-- messageType: string (nullable = true)
 |-- msg: string (nullable = true)
 |-- name: string (nullable = true)
 |-- offset: long (nullable = true)
 |-- owner: string (nullable = true)
 |-- sessionId: string (nullable = true)
 |-- source: string (nullable = true)
 |-- tags: array (nullable = true)
 |    |-- element: string (containsNull = true)
 |-- timestamp: long (nullable = true)
 |-- type: string (nullable = true)
 |-- token: string (nullable = true)

root
 |-- metadata: struct (nullable = true)
 |    |-- beat: string (nullable = true)
 |    |-- type: string (nullable = true)
 |-- logzio_id: string (nullable = true)
 |-- awsRegion: string (nullable = true)
 |-- beat: struct (nullable = true)
 |    |-- hostname: string (nullable = true)
 |    |-- name: string (nullable = true)
 |    |-- version: string (nullable = true)
 |-- correlationId: string (nullable = true)
 |-- function_version: string (nullable = true)
 |-- host: struct (nullable = true)
 |    |-- name: string (nullable = true)
 |-- hostname: string (nullable = true)
 |-- id: string (nullable = true)
 |-- input_type: string (nullable = true)
 |-- invoked_function_arn: string (nullable = true)
 |-- it: string (nullable = true)
 |-- level: long (nullable = true)
 |-- logGroup: string (nullable = true)
 |-- logStream: string (nullable = true)
 |-- logzio_codec: string (nullable = true)
 |-- message: string (nullable = true)
 |-- messageType: string (nullable = true)
 |-- msg: string (nullable = true)
 |-- name: string (nullable = true)
 |-- offset: long (nullable = true)
 |-- owner: string (nullable = true)
 |-- sessionId: string (nullable = true)
 |-- source: string (nullable = true)
 |-- tags: array (nullable = true)
 |    |-- element: string (containsNull = true)
 |-- timestamp: long (nullable = true)
 |-- type: string (nullable = true)
 |-- token: string (nullable = true)
 |-- messagecut: string (nullable = true)
 |-- words: array (nullable = true)
 |    |-- element: string (containsNull = true)
 |-- last_8_tokens: string (nullable = true)

root
 |-- @metadata: struct (nullable = true)
 |    |-- beat: string (nullable = true)
 |    |-- type: string (nullable = true)
 |    |-- version: string (nullable = true)
 |-- @timestamp: string (nullable = true)
 |-- __logz_account_id: string (nullable = true)
 |-- __logz_received_timestamp: string (nullable = true)
 |-- __logzio_X-B3-Sampled: string (nullable = true)
 |-- __logzio_X-B3-SpanId: string (nullable = true)
 |-- __logzio_X-B3-TraceId: string (nullable = true)
 |-- __logzio_id: string (nullable = true)
 |-- beat: struct (nullable = true)
 |    |-- hostname: string (nullable = true)
 |    |-- name: string (nullable = true)
 |    |-- version: string (nullable = true)
 |-- host: struct (nullable = true)
 |    |-- name: string (nullable = true)
 |-- it: string (nullable = true)
 |-- logzio_codec: string (nullable = true)
 |-- message: string (nullable = true)
 |-- messagecut: string (nullable = true)
 |-- offset: long (nullable = true)
 |-- source: string (nullable = true)
 |-- tags: array (nullable = true)
 |    |-- element: string (containsNull = true)
 |-- type: string (nullable = true)
 |-- words: array (nullable = true)
 |    |-- element: string (containsNull = true)
 |-- last_8_tokens: string (nullable = true)

root
 |-- metadata: struct (nullable = true)
 |    |-- beat: string (nullable = true)
 |    |-- type: string (nullable = true)
 |-- logzio_id: string (nullable = true)
 |-- beat: struct (nullable = true)
 |    |-- hostname: string (nullable = true)
 |    |-- name: string (nullable = true)
 |    |-- version: string (nullable = true)
 |-- host: struct (nullable = true)
 |    |-- name: string (nullable = true)
 |-- it: string (nullable = true)
 |-- logzio_codec: string (nullable = true)
 |-- message: string (nullable = true)
 |-- offset: long (nullable = true)
 |-- source: string (nullable = true)
 |-- tags: array (nullable = true)
 |    |-- element: string (containsNull = true)
 |-- type: string (nullable = true)
 |-- messagecut: string (nullable = true)
 |-- words: array (nullable = true)
 |    |-- element: string (containsNull = true)

